<?xml version="1.0" encoding="UTF-8"?>
<testsuite xmlns:xsi="http://www.w3.org/2001/XMLSchema-instance" xsi:noNamespaceSchemaLocation="https://maven.apache.org/surefire/maven-surefire-plugin/xsd/surefire-test-report.xsd" version="3.0.2" name="TestSuite" time="17.446" tests="1" errors="0" skipped="0" failures="0">
  <properties>
[...]
</properties>
  <testcase name="runScenario[&quot;Create account and login successfully&quot;, &quot;User Registration and Login&quot;](1)" classname="runners.TestRunner" time="16.413">
    <system-out><![CDATA[
Scenario: Create account and login successfully &amp#27;[90m# src/test/resources/features/signup.feature:3&amp#27;[0m
  &amp#27;[32mGiven &amp#27;[0m&amp#27;[32mUser launches Parabank application&amp#27;[0m      &amp#27;[90m# stepdefinitions.SignupSteps.user_launches_parabank_application()&amp#27;[0m
  &amp#27;[32mWhen &amp#27;[0m&amp#27;[32mUser registers a new account&amp#27;[0m             &amp#27;[90m# stepdefinitions.SignupSteps.user_registers_a_new_account()&amp#27;[0m
Login Successful
  &amp#27;[32mThen &amp#27;[0m&amp#27;[32mUser should see account overview page&amp#27;[0m    &amp#27;[90m# stepdefinitions.SignupSteps.user_should_see_account_overview_page()&amp#27;[0m
Account Balance = $600000.00
  &amp#27;[32mAnd &amp#27;[0m&amp#27;[32mUser account balance should be displayed&amp#27;[0m  &amp#27;[90m# stepdefinitions.SignupSteps.user_account_balance_should_be_displayed()&amp#27;[0m
]]></system-out>
    <system-err><![CDATA[SLF4J(W): No SLF4J providers were found.
SLF4J(W): Defaulting to no-operation (NOP) logger implementation
SLF4J(W): See https://www.slf4j.org/codes.html#noProviders for further details.
]]></system-err>
  </testcase>
</testsuite>